Next_point_is_reached:1

Cargo_locked

Set_speed

Next_point_is_reached:2

Mission_paused

Mission_resumed

Next_point_is_reached:3

Alt_is_changed_to_150

Alt_is_changed_to_150

Alt_is_changed_to_150

Alt_is_changed_to_150

Alt_is_changed_to_150

Alt_is_changed_to_150

Alt_is_changed_to_150

Alt_is_changed_to_150

Alt_is_changed_to_150

Alt_is_changed_to_150

Alt_is_changed_to_150

Alt_is_changed_to_150

Alt_is_changed_to_150

Alt_is_changed_to_150

Alt_is_changed_to_150

Alt_is_changed_to_150

Next_point_is_reached:4

Next_point_is_reached:5

Next_point_is_reached:7

Set_speed

Set_speed

Set_speed

Set_speed

Alt_is_changed_to_150

Set_speed

Set_speed

Set_speed

Set_speed

Next_point_is_reached:8

Cargo_unlocked

Next_point_is_reached:9

Set_speed

Next_point_is_reached:10

Kill_switch_direction:6.38050

Set_speed

Cargo_locked