Next_point_is_reached:1

Cargo_locked

Set_speed

Next_point_is_reached:2

Mission_paused

Mission_resumed

Next_point_is_reached:3

Alt_is_changed_to_150

Alt_is_changed_to_150

Next_point_is_reached:4

Next_point_is_reached:5

Next_point_is_reached:6

Next_point_is_reached:7

Next_point_is_reached:8

Alt_is_changed_to_70

Cargo_unlocked

Next_point_is_reached:9

Next_point_is_reached:10

Kill_switch_direction:1.84531

Kill_switch_direction:0.23574

Kill_switch_direction:0.77089

Kill_switch_direction:0.36516

Mission_paused