Next_point_is_reached:1

Cargo_locked

Set_speed

Set_speed

Set_speed

Next_point_is_reached:2

Mission_paused

Mission_resumed

Set_speed

Next_point_is_reached:3

Set_speed

Alt_is_changed_to_150

Alt_is_changed_to_150

Alt_is_changed_to_150

Alt_is_changed_to_150

Alt_is_changed_to_150

Alt_is_changed_to_150

Alt_is_changed_to_150

Alt_is_changed_to_150

Alt_is_changed_to_150

Alt_is_changed_to_150

Alt_is_changed_to_150

Set_speed

Set_speed

Next_point_is_reached:4

Set_speed

Set_speed

Next_point_is_reached:5

Set_speed
Next_point_is_reached:6

Next_point_is_reached:7

Set_speed

Set_speed

Next_point_is_reached:8

Alt_is_changed_to_70

Cargo_unlocked

Next_point_is_reached:9

Next_point_is_reached:10

Cargo_locked

Set_speed

Set_speed

Kill_switch_direction:22.01138